3/13/2012 02:44:35
Mysql connection established.

3/13/2012 02:44:35
Grab Started.

3/13/2012 02:45:07
Mysql connection established.

3/13/2012 02:45:07
Grab Started.

3/13/2012 02:45:44
Mysql connection established.

3/13/2012 02:45:44
Grab Started.

3/13/2012 02:46:40
No data.

3/13/2012 03:13:40
Mysql connection established.

3/13/2012 03:13:40
Grab Started.

3/13/2012 03:13:46
============GameData for : 2012/03/09============

3/13/2012 03:13:46
Register data for soccer at:1331251200	{

3/13/2012 03:25:32
	Finish register for soccer		}

3/13/2012 03:25:32
Register data for tennis at:1331251200	{

3/13/2012 03:25:44
	Finish register for tennis		}

3/13/2012 03:25:44
Register data for basketball at:1331251200	{

3/13/2012 03:25:56
	Finish register for basketball		}

3/13/2012 03:25:56
Register data for hockey at:1331251200	{

